2020-08-25 00:28:38.5355 ERROR В методе: System.Object EvaluateParameter(System.Object[]) возникло исключение: Ссылка на объект не указывает на экземпляр объекта.
2020-08-25 00:28:50.4920 ERROR В методе: System.Object EvaluateParameter(System.Object[]) возникло исключение: Ссылка на объект не указывает на экземпляр объекта.
2020-08-25 00:32:51.9842 ERROR В методе: System.Object EvaluateParameter(System.Object[]) возникло исключение: Ссылка на объект не указывает на экземпляр объекта.
2020-08-25 00:33:57.0293 ERROR В методе: System.Object EvaluateParameter(System.Object[]) возникло исключение: Ссылка на объект не указывает на экземпляр объекта.
2020-08-25 00:40:37.8776 ERROR В методе: System.Object EvaluateParameter(System.Object[]) возникло исключение: Ссылка на объект не указывает на экземпляр объекта.
2020-08-25 00:42:24.4592 ERROR В методе: System.Object EvaluateParameter(System.Object[]) возникло исключение: Ссылка на объект не указывает на экземпляр объекта.
2020-08-25 00:43:34.6960 ERROR В методе: System.Object EvaluateParameter(System.Object[]) возникло исключение: Ссылка на объект не указывает на экземпляр объекта.
2020-08-25 00:53:37.5516 ERROR В методе: Int32 Count[TSource](System.Collections.Generic.IEnumerable`1[TSource]) возникло исключение: Значение не может быть неопределенным.
Имя параметра: source
2020-08-25 00:54:34.1658 ERROR В методе: Int32 Count[TSource](System.Collections.Generic.IEnumerable`1[TSource]) возникло исключение: Значение не может быть неопределенным.
Имя параметра: source
2020-08-25 00:56:23.7245 ERROR В методе: System.Object EvaluateParameter(System.Object[]) возникло исключение: Ссылка на объект не указывает на экземпляр объекта.
2020-08-25 00:57:07.4145 ERROR В методе: Int32 SaveChanges() возникло исключение: Validation failed for one or more entities. See 'EntityValidationErrors' property for more details.
2020-08-25 00:58:38.6811 ERROR В методе: Int32 SaveChanges() возникло исключение: Validation failed for one or more entities. See 'EntityValidationErrors' property for more details.
2020-08-25 01:10:58.2877 ERROR В методе: Int32 SaveChanges() возникло исключение: Validation failed for one or more entities. See 'EntityValidationErrors' property for more details.
2020-08-25 01:14:31.4027 ERROR В методе: T NotNull[T](T, System.String) возникло исключение: Значение не может быть неопределенным.
Имя параметра: entity
2020-08-25 01:24:33.6375 ERROR В методе: System.Object EvaluateParameter(System.Object[]) возникло исключение: Ссылка на объект не указывает на экземпляр объекта.
2020-08-25 01:28:37.8803 ERROR В методе: Void FlippedChangedCommand_Executed(System.Object, System.Windows.Input.ExecutedRoutedEventArgs) возникло исключение: Ссылка на объект не указывает на экземпляр объекта.
2020-08-25 01:30:17.1677 ERROR В методе: Void FlippedChangedCommand_Executed(System.Object, System.Windows.Input.ExecutedRoutedEventArgs) возникло исключение: Ссылка на объект не указывает на экземпляр объекта.
2020-08-25 01:31:34.4304 ERROR В методе: Void FlippedChangedCommand_Executed(System.Object, System.Windows.Input.ExecutedRoutedEventArgs) возникло исключение: Ссылка на объект не указывает на экземпляр объекта.
2020-08-25 01:34:15.2594 ERROR В методе: Int32 SaveChanges() возникло исключение: Validation failed for one or more entities. See 'EntityValidationErrors' property for more details.
2020-08-25 01:35:31.4354 ERROR В методе: Int32 SaveChanges() возникло исключение: Validation failed for one or more entities. See 'EntityValidationErrors' property for more details.
